============================================================
   Tang Dynasty, V4.6.14314
   Copyright:   Shanghai Anlogic Infotech Co., Ltd.
                2011 - 2021
   Executable = C:/Anlogic/TD4.6.2/bin/td.exe
   Built at =   11:20:06 Sep 19 2019
   Run by =     NiceFamily
   Run Date =   Fri Nov  8 06:39:57 2019

   Run on =     NICEFAMILY-PC
============================================================
RUN-1002 : start command "open_project mc8051_top.al"
GUI-8003 ERROR: mc8051_ram.v is missing!
GUI-8003 ERROR: mc8051_rom.v is missing!
GUI-8003 ERROR: ../MC8051OnBoard.v is missing!
GUI-8003 ERROR: ../../vhdl/addsub_core_.vhd is missing!
GUI-8003 ERROR: ../../vhdl/addsub_core_struc.vhd is missing!
GUI-8003 ERROR: ../../vhdl/addsub_core_struc_cfg.vhd is missing!
GUI-8003 ERROR: ../../vhdl/addsub_cy_.vhd is missing!
GUI-8003 ERROR: ../../vhdl/addsub_cy_rtl.vhd is missing!
GUI-8003 ERROR: ../../vhdl/addsub_cy_rtl_cfg.vhd is missing!
GUI-8003 ERROR: ../../vhdl/addsub_ovcy_.vhd is missing!
GUI-8003 ERROR: ../../vhdl/addsub_ovcy_rtl.vhd is missing!
GUI-8003 ERROR: ../../vhdl/addsub_ovcy_rtl_cfg.vhd is missing!
GUI-8003 ERROR: ../../vhdl/alucore_.vhd is missing!
GUI-8003 ERROR: ../../vhdl/alucore_rtl.vhd is missing!
GUI-8003 ERROR: ../../vhdl/alucore_rtl_cfg.vhd is missing!
GUI-8003 ERROR: ../../vhdl/alumux_.vhd is missing!
GUI-8003 ERROR: ../../vhdl/alumux_rtl.vhd is missing!
GUI-8003 ERROR: ../../vhdl/alumux_rtl_cfg.vhd is missing!
GUI-8003 ERROR: ../../vhdl/comb_divider_.vhd is missing!
GUI-8003 ERROR: ../../vhdl/comb_divider_rtl.vhd is missing!
GUI-8003 ERROR: ../../vhdl/comb_divider_rtl_cfg.vhd is missing!
GUI-8003 ERROR: ../../vhdl/comb_mltplr_.vhd is missing!
GUI-8003 ERROR: ../../vhdl/comb_mltplr_rtl.vhd is missing!
GUI-8003 ERROR: ../../vhdl/comb_mltplr_rtl_cfg.vhd is missing!
GUI-8003 ERROR: ../../vhdl/control_fsm_.vhd is missing!
GUI-8003 ERROR: ../../vhdl/control_fsm_rtl.vhd is missing!
GUI-8003 ERROR: ../../vhdl/control_fsm_rtl_cfg.vhd is missing!
GUI-8003 ERROR: ../../vhdl/control_mem_.vhd is missing!
GUI-8003 ERROR: ../../vhdl/control_mem_rtl.vhd is missing!
GUI-8003 ERROR: ../../vhdl/control_mem_rtl_cfg.vhd is missing!
GUI-8003 ERROR: ../../vhdl/dcml_adjust_.vhd is missing!
GUI-8003 ERROR: ../../vhdl/dcml_adjust_rtl.vhd is missing!
GUI-8003 ERROR: ../../vhdl/dcml_adjust_rtl_cfg.vhd is missing!
GUI-8003 ERROR: ../../vhdl/mc8051_alu_.vhd is missing!
GUI-8003 ERROR: ../../vhdl/mc8051_alu_struc.vhd is missing!
GUI-8003 ERROR: ../../vhdl/mc8051_alu_struc_cfg.vhd is missing!
GUI-8003 ERROR: ../../vhdl/mc8051_control_.vhd is missing!
GUI-8003 ERROR: ../../vhdl/mc8051_control_struc.vhd is missing!
GUI-8003 ERROR: ../../vhdl/mc8051_control_struc_cfg.vhd is missing!
GUI-8003 ERROR: ../../vhdl/mc8051_core_.vhd is missing!
GUI-8003 ERROR: ../../vhdl/mc8051_core_struc.vhd is missing!
GUI-8003 ERROR: ../../vhdl/mc8051_core_struc_cfg.vhd is missing!
GUI-8003 ERROR: ../../vhdl/mc8051_p.vhd is missing!
GUI-8003 ERROR: ../../vhdl/mc8051_siu_.vhd is missing!
GUI-8003 ERROR: ../../vhdl/mc8051_siu_rtl.vhd is missing!
GUI-8003 ERROR: ../../vhdl/mc8051_siu_rtl_cfg.vhd is missing!
GUI-8003 ERROR: ../../vhdl/mc8051_tmrctr_.vhd is missing!
GUI-8003 ERROR: ../../vhdl/mc8051_tmrctr_rtl.vhd is missing!
GUI-8003 ERROR: ../../vhdl/mc8051_tmrctr_rtl_cfg.vhd is missing!
GUI-8003 ERROR: ../../vhdl/mc8051_top_.vhd is missing!
GUI-8003 ERROR: ../../vhdl/mc8051_top_struc.vhd is missing!
GUI-8003 ERROR: ../../vhdl/mc8051_top_struc_cfg.vhd is missing!
GUI-8003 ERROR: ../vhdl/addsub_core_.vhd is missing!
GUI-8003 ERROR: ../vhdl/addsub_core_struc.vhd is missing!
GUI-8003 ERROR: ../vhdl/addsub_core_struc_cfg.vhd is missing!
GUI-8003 ERROR: ../vhdl/addsub_cy_.vhd is missing!
GUI-8003 ERROR: ../vhdl/addsub_cy_rtl.vhd is missing!
GUI-8003 ERROR: ../vhdl/addsub_cy_rtl_cfg.vhd is missing!
GUI-8003 ERROR: ../vhdl/addsub_ovcy_.vhd is missing!
GUI-8003 ERROR: ../vhdl/addsub_ovcy_rtl.vhd is missing!
GUI-8003 ERROR: ../vhdl/addsub_ovcy_rtl_cfg.vhd is missing!
GUI-8003 ERROR: ../vhdl/alucore_.vhd is missing!
GUI-8003 ERROR: ../vhdl/alucore_rtl.vhd is missing!
GUI-8003 ERROR: ../vhdl/alucore_rtl_cfg.vhd is missing!
GUI-8003 ERROR: ../vhdl/alumux_.vhd is missing!
GUI-8003 ERROR: ../vhdl/alumux_rtl.vhd is missing!
GUI-8003 ERROR: ../vhdl/alumux_rtl_cfg.vhd is missing!
GUI-8003 ERROR: ../vhdl/comb_divider_.vhd is missing!
GUI-8003 ERROR: ../vhdl/comb_divider_rtl.vhd is missing!
GUI-8003 ERROR: ../vhdl/comb_divider_rtl_cfg.vhd is missing!
GUI-8003 ERROR: ../vhdl/comb_mltplr_.vhd is missing!
GUI-8003 ERROR: ../vhdl/comb_mltplr_rtl.vhd is missing!
GUI-8003 ERROR: ../vhdl/comb_mltplr_rtl_cfg.vhd is missing!
GUI-8003 ERROR: ../vhdl/control_fsm_.vhd is missing!
GUI-8003 ERROR: ../vhdl/control_fsm_rtl.vhd is missing!
GUI-8003 ERROR: ../vhdl/control_fsm_rtl_cfg.vhd is missing!
GUI-8003 ERROR: ../vhdl/control_mem_.vhd is missing!
GUI-8003 ERROR: ../vhdl/control_mem_rtl.vhd is missing!
GUI-8003 ERROR: ../vhdl/control_mem_rtl_cfg.vhd is missing!
GUI-8003 ERROR: ../vhdl/dcml_adjust_.vhd is missing!
GUI-8003 ERROR: ../vhdl/dcml_adjust_rtl.vhd is missing!
GUI-8003 ERROR: ../vhdl/dcml_adjust_rtl_cfg.vhd is missing!
HDL-8007 ERROR: cannot open vhdl file '../../vhdl/mc8051_p.vhd'
HDL-1007 : analyze VHDL file ../vhdl/mc8051_p.vhd
HDL-1007 : analyze package mc8051_p in ../vhdl/mc8051_p.vhd(69)
HDL-1007 : analyze VHDL file mc8051_rom.vhd
HDL-1007 : analyze entity mc8051_rom in mc8051_rom.vhd(13)
HDL-1007 : analyze architecture sim in mc8051_rom.vhd(20)
HDL-1007 : analyze configuration mc8051_rom_sim_cfg in mc8051_rom.vhd(224)
HDL-1007 : analyze VHDL file mc8051_ram.vhd
HDL-1007 : analyze entity mc8051_ram in mc8051_ram.vhd(19)
HDL-1007 : analyze architecture ram_arch in mc8051_ram.vhd(33)
HDL-1007 : analyze configuration mc8051_ram_sim_cfg in mc8051_ram.vhd(50)
HDL-1007 : analyze VHDL file mc8051_ramx.vhd
HDL-1007 : analyze entity mc8051_ramx in mc8051_ramx.vhd(19)
HDL-1007 : analyze architecture ramx_arch in mc8051_ramx.vhd(32)
HDL-1007 : analyze configuration mc8051_ramx_sim_cfg in mc8051_ramx.vhd(47)
HDL-1007 : analyze VHDL file ../vhdl/addsub_ovcy.vhd
HDL-1007 : analyze entity addsub_ovcy in ../vhdl/addsub_ovcy.vhd(72)
HDL-1007 : analyze architecture rtl in ../vhdl/addsub_ovcy.vhd(85)
HDL-1007 : analyze configuration addsub_ovcy_rtl_cfg in ../vhdl/addsub_ovcy.vhd(159)
HDL-1007 : analyze VHDL file ../vhdl/addsub_cy.vhd
HDL-1007 : analyze entity addsub_cy in ../vhdl/addsub_cy.vhd(72)
HDL-1007 : analyze architecture rtl in ../vhdl/addsub_cy.vhd(85)
HDL-1007 : analyze configuration addsub_cy_rtl_cfg in ../vhdl/addsub_cy.vhd(115)
HDL-1007 : analyze VHDL file ../vhdl/addsub_core.vhd
HDL-1007 : analyze entity addsub_core in ../vhdl/addsub_core.vhd(76)
HDL-1007 : analyze architecture struc in ../vhdl/addsub_core.vhd(91)
HDL-1007 : analyze configuration addsub_core_struc_cfg in ../vhdl/addsub_core.vhd(142)
HDL-1007 : analyze VHDL file ../vhdl/alucore.vhd
HDL-1007 : analyze entity alucore in ../vhdl/alucore.vhd(73)
HDL-1007 : analyze architecture rtl in ../vhdl/alucore.vhd(94)
HDL-1007 : analyze configuration alucore_rtl_cfg in ../vhdl/alucore.vhd(191)
HDL-1007 : analyze VHDL file ../vhdl/alumux.vhd
HDL-1007 : analyze entity alumux in ../vhdl/alumux.vhd(74)
HDL-1007 : analyze architecture rtl in ../vhdl/alumux.vhd(125)
HDL-1007 : analyze configuration alumux_rtl_cfg in ../vhdl/alumux.vhd(494)
HDL-1007 : analyze VHDL file ../vhdl/comb_divider.vhd
HDL-1007 : analyze entity comb_divider in ../vhdl/comb_divider.vhd(72)
HDL-1007 : analyze architecture rtl in ../vhdl/comb_divider.vhd(82)
HDL-1007 : analyze configuration comb_divider_rtl_cfg in ../vhdl/comb_divider.vhd(130)
HDL-1007 : analyze VHDL file ../vhdl/comb_mltplr.vhd
HDL-1007 : analyze entity comb_mltplr in ../vhdl/comb_mltplr.vhd(72)
HDL-1007 : analyze architecture rtl in ../vhdl/comb_mltplr.vhd(82)
HDL-1007 : analyze configuration comb_mltplr_rtl_cfg in ../vhdl/comb_mltplr.vhd(104)
HDL-1007 : analyze VHDL file ../vhdl/control_fsm.vhd
HDL-1007 : analyze entity control_fsm in ../vhdl/control_fsm.vhd(74)
HDL-1007 : analyze architecture rtl in ../vhdl/control_fsm.vhd(126)
HDL-1007 : analyze configuration control_fsm_rtl_cfg in ../vhdl/control_fsm.vhd(2231)
HDL-1007 : analyze VHDL file ../vhdl/control_mem.vhd
HDL-1007 : analyze entity control_mem in ../vhdl/control_mem.vhd(75)
HDL-1007 : analyze architecture rtl in ../vhdl/control_mem.vhd(206)
HDL-1007 : analyze configuration control_mem_rtl_cfg in ../vhdl/control_mem.vhd(1285)
HDL-1007 : analyze VHDL file ../vhdl/dcml_adjust.vhd
HDL-1007 : analyze entity dcml_adjust in ../vhdl/dcml_adjust.vhd(72)
HDL-1007 : analyze architecture rtl in ../vhdl/dcml_adjust.vhd(90)
HDL-1007 : analyze configuration dcml_adjust_rtl_cfg in ../vhdl/dcml_adjust.vhd(168)
HDL-1007 : analyze VHDL file ../vhdl/mc8051_alu.vhd
HDL-1007 : analyze entity mc8051_alu in ../vhdl/mc8051_alu.vhd(75)
HDL-1007 : analyze architecture struc in ../vhdl/mc8051_alu.vhd(104)
HDL-1007 : analyze configuration mc8051_alu_struc_cfg in ../vhdl/mc8051_alu.vhd(235)
HDL-1007 : analyze VHDL file ../vhdl/mc8051_control.vhd
HDL-1007 : analyze entity mc8051_control in ../vhdl/mc8051_control.vhd(74)
HDL-1007 : analyze architecture struc in ../vhdl/mc8051_control.vhd(142)
HDL-1007 : analyze configuration mc8051_control_struc_cfg in ../vhdl/mc8051_control.vhd(344)
HDL-1007 : analyze VHDL file ../vhdl/mc8051_siu.vhd
HDL-1007 : analyze entity mc8051_siu in ../vhdl/mc8051_siu.vhd(71)
HDL-1007 : analyze architecture rtl in ../vhdl/mc8051_siu.vhd(92)
HDL-1007 : analyze configuration mc8051_siu_rtl_cfg in ../vhdl/mc8051_siu.vhd(1235)
HDL-1007 : analyze VHDL file ../vhdl/mc8051_tmrctr.vhd
HDL-1007 : analyze entity mc8051_tmrctr in ../vhdl/mc8051_tmrctr.vhd(71)
HDL-1007 : analyze architecture rtl in ../vhdl/mc8051_tmrctr.vhd(96)
HDL-1007 : analyze configuration mc8051_tmrctr_rtl_cfg in ../vhdl/mc8051_tmrctr.vhd(797)
HDL-1007 : analyze VHDL file ../vhdl/mc8051_core.vhd
HDL-1007 : analyze entity mc8051_core in ../vhdl/mc8051_core.vhd(75)
HDL-1007 : analyze architecture struc in ../vhdl/mc8051_core.vhd(121)
HDL-1007 : analyze configuration mc8051_core_struc_cfg in ../vhdl/mc8051_core.vhd(276)
HDL-1007 : analyze VHDL file ../vhdl/mc8051_top.vhd
HDL-1007 : analyze entity mc8051_top in ../vhdl/mc8051_top.vhd(74)
HDL-1007 : analyze architecture struc in ../vhdl/mc8051_top.vhd(104)
HDL-1007 : analyze configuration mc8051_top_struc_cfg in ../vhdl/mc8051_top.vhd(200)
HDL-1007 : analyze verilog file MC8051OnBoard.v
HDL-1007 : analyze verilog file al_ip/pll.v
RUN-1002 : start command "import_device eagle_s20.db -package BG256"
ARC-1001 : Device Initialization.
ARC-1001 : ------------------------------------------------------------------
ARC-1001 :            OPTION            |          IO          |   SETTING   
ARC-1001 : ------------------------------------------------------------------
ARC-1001 :   cso_b/cclk/mosi/miso/dout  |  T3/R11/T10/P10/S11  |    gpio    
ARC-1001 :             done             |         P13          |    gpio    
ARC-1001 :           program_b          |          T2          |  dedicated  
ARC-1001 :        tdi/tms/tck/tdo       |   C12/A15/C14/E14    |  dedicated  
ARC-1001 : ------------------------------------------------------------------
ARC-1004 : Device setting, marked 5 dedicate IOs in total.
GUI-8003 ERROR: mc8051_ram.v is missing!
GUI-8003 ERROR: mc8051_rom.v is missing!
GUI-8003 ERROR: ../MC8051OnBoard.v is missing!
GUI-8003 ERROR: ../../vhdl/addsub_core_.vhd is missing!
GUI-8003 ERROR: ../../vhdl/addsub_core_struc.vhd is missing!
GUI-8003 ERROR: ../../vhdl/addsub_core_struc_cfg.vhd is missing!
GUI-8003 ERROR: ../../vhdl/addsub_cy_.vhd is missing!
GUI-8003 ERROR: ../../vhdl/addsub_cy_rtl.vhd is missing!
GUI-8003 ERROR: ../../vhdl/addsub_cy_rtl_cfg.vhd is missing!
GUI-8003 ERROR: ../../vhdl/addsub_ovcy_.vhd is missing!
GUI-8003 ERROR: ../../vhdl/addsub_ovcy_rtl.vhd is missing!
GUI-8003 ERROR: ../../vhdl/addsub_ovcy_rtl_cfg.vhd is missing!
GUI-8003 ERROR: ../../vhdl/alucore_.vhd is missing!
GUI-8003 ERROR: ../../vhdl/alucore_rtl.vhd is missing!
GUI-8003 ERROR: ../../vhdl/alucore_rtl_cfg.vhd is missing!
GUI-8003 ERROR: ../../vhdl/alumux_.vhd is missing!
GUI-8003 ERROR: ../../vhdl/alumux_rtl.vhd is missing!
GUI-8003 ERROR: ../../vhdl/alumux_rtl_cfg.vhd is missing!
GUI-8003 ERROR: ../../vhdl/comb_divider_.vhd is missing!
GUI-8003 ERROR: ../../vhdl/comb_divider_rtl.vhd is missing!
GUI-8003 ERROR: ../../vhdl/comb_divider_rtl_cfg.vhd is missing!
GUI-8003 ERROR: ../../vhdl/comb_mltplr_.vhd is missing!
GUI-8003 ERROR: ../../vhdl/comb_mltplr_rtl.vhd is missing!
GUI-8003 ERROR: ../../vhdl/comb_mltplr_rtl_cfg.vhd is missing!
GUI-8003 ERROR: ../../vhdl/control_fsm_.vhd is missing!
GUI-8003 ERROR: ../../vhdl/control_fsm_rtl.vhd is missing!
GUI-8003 ERROR: ../../vhdl/control_fsm_rtl_cfg.vhd is missing!
GUI-8003 ERROR: ../../vhdl/control_mem_.vhd is missing!
GUI-8003 ERROR: ../../vhdl/control_mem_rtl.vhd is missing!
GUI-8003 ERROR: ../../vhdl/control_mem_rtl_cfg.vhd is missing!
GUI-8003 ERROR: ../../vhdl/dcml_adjust_.vhd is missing!
GUI-8003 ERROR: ../../vhdl/dcml_adjust_rtl.vhd is missing!
GUI-8003 ERROR: ../../vhdl/dcml_adjust_rtl_cfg.vhd is missing!
GUI-8003 ERROR: ../../vhdl/mc8051_alu_.vhd is missing!
GUI-8003 ERROR: ../../vhdl/mc8051_alu_struc.vhd is missing!
GUI-8003 ERROR: ../../vhdl/mc8051_alu_struc_cfg.vhd is missing!
GUI-8003 ERROR: ../../vhdl/mc8051_control_.vhd is missing!
GUI-8003 ERROR: ../../vhdl/mc8051_control_struc.vhd is missing!
GUI-8003 ERROR: ../../vhdl/mc8051_control_struc_cfg.vhd is missing!
GUI-8003 ERROR: ../../vhdl/mc8051_core_.vhd is missing!
GUI-8003 ERROR: ../../vhdl/mc8051_core_struc.vhd is missing!
GUI-8003 ERROR: ../../vhdl/mc8051_core_struc_cfg.vhd is missing!
GUI-8003 ERROR: ../../vhdl/mc8051_p.vhd is missing!
GUI-8003 ERROR: ../../vhdl/mc8051_siu_.vhd is missing!
GUI-8003 ERROR: ../../vhdl/mc8051_siu_rtl.vhd is missing!
GUI-8003 ERROR: ../../vhdl/mc8051_siu_rtl_cfg.vhd is missing!
GUI-8003 ERROR: ../../vhdl/mc8051_tmrctr_.vhd is missing!
GUI-8003 ERROR: ../../vhdl/mc8051_tmrctr_rtl.vhd is missing!
GUI-8003 ERROR: ../../vhdl/mc8051_tmrctr_rtl_cfg.vhd is missing!
GUI-8003 ERROR: ../../vhdl/mc8051_top_.vhd is missing!
GUI-8003 ERROR: ../../vhdl/mc8051_top_struc.vhd is missing!
GUI-8003 ERROR: ../../vhdl/mc8051_top_struc_cfg.vhd is missing!
GUI-8003 ERROR: ../vhdl/addsub_core_.vhd is missing!
GUI-8003 ERROR: ../vhdl/addsub_core_struc.vhd is missing!
GUI-8003 ERROR: ../vhdl/addsub_core_struc_cfg.vhd is missing!
GUI-8003 ERROR: ../vhdl/addsub_cy_.vhd is missing!
GUI-8003 ERROR: ../vhdl/addsub_cy_rtl.vhd is missing!
GUI-8003 ERROR: ../vhdl/addsub_cy_rtl_cfg.vhd is missing!
GUI-8003 ERROR: ../vhdl/addsub_ovcy_.vhd is missing!
GUI-8003 ERROR: ../vhdl/addsub_ovcy_rtl.vhd is missing!
GUI-8003 ERROR: ../vhdl/addsub_ovcy_rtl_cfg.vhd is missing!
GUI-8003 ERROR: ../vhdl/alucore_.vhd is missing!
GUI-8003 ERROR: ../vhdl/alucore_rtl.vhd is missing!
GUI-8003 ERROR: ../vhdl/alucore_rtl_cfg.vhd is missing!
GUI-8003 ERROR: ../vhdl/alumux_.vhd is missing!
GUI-8003 ERROR: ../vhdl/alumux_rtl.vhd is missing!
GUI-8003 ERROR: ../vhdl/alumux_rtl_cfg.vhd is missing!
GUI-8003 ERROR: ../vhdl/comb_divider_.vhd is missing!
GUI-8003 ERROR: ../vhdl/comb_divider_rtl.vhd is missing!
GUI-8003 ERROR: ../vhdl/comb_divider_rtl_cfg.vhd is missing!
GUI-8003 ERROR: ../vhdl/comb_mltplr_.vhd is missing!
GUI-8003 ERROR: ../vhdl/comb_mltplr_rtl.vhd is missing!
GUI-8003 ERROR: ../vhdl/comb_mltplr_rtl_cfg.vhd is missing!
GUI-8003 ERROR: ../vhdl/control_fsm_.vhd is missing!
GUI-8003 ERROR: ../vhdl/control_fsm_rtl.vhd is missing!
GUI-8003 ERROR: ../vhdl/control_fsm_rtl_cfg.vhd is missing!
GUI-8003 ERROR: ../vhdl/control_mem_.vhd is missing!
GUI-8003 ERROR: ../vhdl/control_mem_rtl.vhd is missing!
GUI-8003 ERROR: ../vhdl/control_mem_rtl_cfg.vhd is missing!
GUI-8003 ERROR: ../vhdl/dcml_adjust_.vhd is missing!
GUI-8003 ERROR: ../vhdl/dcml_adjust_rtl.vhd is missing!
GUI-8003 ERROR: ../vhdl/dcml_adjust_rtl_cfg.vhd is missing!
